<?xml version="1.0" encoding="UTF-8"?>
<testng-results ignored="0" total="1" passed="1" failed="0" skipped="0">
  <reporter-output>
  </reporter-output>
  <suite started-at="2021-07-10T15:23:23 SGT" name="Default suite" finished-at="2021-07-10T15:23:26 SGT" duration-ms="2522">
    <groups>
    </groups>
    <test started-at="2021-07-10T15:23:23 SGT" name="Default test" finished-at="2021-07-10T15:23:26 SGT" duration-ms="2522">
      <class name="com.ui.rest.SpecBuildertest">
        <test-method signature="Serializationtest()[pri:0, instance:com.ui.rest.SpecBuildertest@6a370f4]" started-at="2021-07-10T15:23:23 SGT" name="Serializationtest" finished-at="2021-07-10T15:23:26 SGT" duration-ms="2495" status="PASS">
          <reporter-output>
          </reporter-output>
        </test-method> <!-- Serializationtest -->
      </class> <!-- com.ui.rest.SpecBuildertest -->
    </test> <!-- Default test -->
  </suite> <!-- Default suite -->
</testng-results>
